{"C:\\Users\\admin\\OneDrive\\Desktop\\Privat\\coding\\Masterschool\\Udacity\\BACKEND\\image processing api project\\image-processing-api-project\\src\\app.ts": {"path":"C:\\Users\\admin\\OneDrive\\Desktop\\Privat\\coding\\Masterschool\\Udacity\\BACKEND\\image processing api project\\image-processing-api-project\\src\\app.ts","statementMap":{"0":{"start":{"line":1,"column":0},"end":{"line":1,"column":42}},"1":{"start":{"line":2,"column":0},"end":{"line":2,"column":46}},"2":{"start":{"line":4,"column":25},"end":{"line":4,"column":34}},"3":{"start":{"line":6,"column":0},"end":{"line":6,"column":null}},"4":{"start":{"line":8,"column":0},"end":{"line":8,"column":null}}},"fnMap":{},"branchMap":{},"s":{"0":1,"1":1,"2":1,"3":1,"4":1},"f":{},"b":{}}
,"C:\\Users\\admin\\OneDrive\\Desktop\\Privat\\coding\\Masterschool\\Udacity\\BACKEND\\image processing api project\\image-processing-api-project\\src\\controllers\\ImageCtrl.ts": {"path":"C:\\Users\\admin\\OneDrive\\Desktop\\Privat\\coding\\Masterschool\\Udacity\\BACKEND\\image processing api project\\image-processing-api-project\\src\\controllers\\ImageCtrl.ts","statementMap":{"0":{"start":{"line":5,"column":0},"end":{"line":5,"column":51}},"1":{"start":{"line":6,"column":0},"end":{"line":6,"column":19}},"2":{"start":{"line":7,"column":0},"end":{"line":7,"column":23}},"3":{"start":{"line":9,"column":0},"end":{"line":9,"column":13}},"4":{"start":{"line":10,"column":10},"end":{"line":35,"column":null}},"5":{"start":{"line":11,"column":14},"end":{"line":11,"column":null}},"6":{"start":{"line":12,"column":14},"end":{"line":12,"column":null}},"7":{"start":{"line":13,"column":14},"end":{"line":13,"column":null}},"8":{"start":{"line":15,"column":14},"end":{"line":15,"column":null}},"9":{"start":{"line":17,"column":12},"end":{"line":17,"column":13}},"10":{"start":{"line":18,"column":12},"end":{"line":20,"column":null}},"11":{"start":{"line":22,"column":16},"end":{"line":22,"column":17}},"12":{"start":{"line":24,"column":16},"end":{"line":24,"column":null}},"13":{"start":{"line":26,"column":30},"end":{"line":26,"column":null}},"14":{"start":{"line":26,"column":22},"end":{"line":26,"column":null}},"15":{"start":{"line":28,"column":16},"end":{"line":30,"column":null}},"16":{"start":{"line":29,"column":20},"end":{"line":29,"column":null}},"17":{"start":{"line":33,"column":12},"end":{"line":33,"column":null}},"18":{"start":{"line":36,"column":0},"end":{"line":36,"column":null}},"19":{"start":{"line":9,"column":13},"end":{"line":9,"column":22}},"20":{"start":{"line":38,"column":0},"end":{"line":38,"column":null}}},"fnMap":{"0":{"name":"(anonymous_14)","decl":{"start":{"line":9,"column":0},"end":{"line":9,"column":13}},"loc":{"start":{"line":9,"column":0},"end":{"line":36,"column":null}}},"1":{"name":"(anonymous_16)","decl":{"start":{"line":10,"column":4},"end":{"line":10,"column":10}},"loc":{"start":{"line":10,"column":47},"end":{"line":35,"column":null}}}},"branchMap":{"0":{"loc":{"start":{"line":17,"column":12},"end":{"line":17,"column":13}},"type":"if","locations":[{"start":{"line":17,"column":12},"end":{"line":17,"column":13}}]},"1":{"loc":{"start":{"line":17,"column":12},"end":{"line":17,"column":42}},"type":"binary-expr","locations":[{"start":{"line":17,"column":12},"end":{"line":17,"column":21}},{"start":{"line":17,"column":25},"end":{"line":17,"column":31}},{"start":{"line":17,"column":35},"end":{"line":17,"column":42}}]},"2":{"loc":{"start":{"line":22,"column":16},"end":{"line":22,"column":17}},"type":"if","locations":[{"start":{"line":22,"column":16},"end":{"line":22,"column":17}}]},"3":{"loc":{"start":{"line":28,"column":16},"end":{"line":30,"column":null}},"type":"if","locations":[{"start":{"line":28,"column":16},"end":{"line":30,"column":null}}]}},"s":{"0":1,"1":1,"2":1,"3":1,"4":1,"5":5,"6":5,"7":5,"8":5,"9":8,"10":2,"11":4,"12":2,"13":2,"14":2,"15":2,"16":2,"17":3,"18":1,"19":1,"20":1},"f":{"0":2,"1":5},"b":{"0":[3],"1":[5,5,5],"2":[1],"3":[2]}}
,"C:\\Users\\admin\\OneDrive\\Desktop\\Privat\\coding\\Masterschool\\Udacity\\BACKEND\\image processing api project\\image-processing-api-project\\src\\routes\\apiRouter.ts": {"path":"C:\\Users\\admin\\OneDrive\\Desktop\\Privat\\coding\\Masterschool\\Udacity\\BACKEND\\image processing api project\\image-processing-api-project\\src\\routes\\apiRouter.ts","statementMap":{"0":{"start":{"line":1,"column":0},"end":{"line":1,"column":32}},"1":{"start":{"line":2,"column":0},"end":{"line":2,"column":48}},"2":{"start":{"line":4,"column":18},"end":{"line":4,"column":26}},"3":{"start":{"line":6,"column":0},"end":{"line":6,"column":null}},"4":{"start":{"line":8,"column":0},"end":{"line":8,"column":null}}},"fnMap":{},"branchMap":{},"s":{"0":1,"1":1,"2":1,"3":1,"4":1},"f":{},"b":{}}
,"C:\\Users\\admin\\OneDrive\\Desktop\\Privat\\coding\\Masterschool\\Udacity\\BACKEND\\image processing api project\\image-processing-api-project\\src\\services\\imageService.ts": {"path":"C:\\Users\\admin\\OneDrive\\Desktop\\Privat\\coding\\Masterschool\\Udacity\\BACKEND\\image processing api project\\image-processing-api-project\\src\\services\\imageService.ts","statementMap":{"0":{"start":{"line":4,"column":0},"end":{"line":4,"column":41}},"1":{"start":{"line":5,"column":0},"end":{"line":5,"column":23}},"2":{"start":{"line":6,"column":0},"end":{"line":6,"column":13}},"3":{"start":{"line":7,"column":10},"end":{"line":23,"column":null}},"4":{"start":{"line":9,"column":18},"end":{"line":9,"column":null}},"5":{"start":{"line":10,"column":18},"end":{"line":10,"column":null}},"6":{"start":{"line":12,"column":26},"end":{"line":12,"column":null}},"7":{"start":{"line":12,"column":18},"end":{"line":12,"column":null}},"8":{"start":{"line":14,"column":12},"end":{"line":16,"column":null}},"9":{"start":{"line":15,"column":16},"end":{"line":15,"column":null}},"10":{"start":{"line":18,"column":12},"end":{"line":18,"column":null}},"11":{"start":{"line":21,"column":12},"end":{"line":21,"column":null}},"12":{"start":{"line":24,"column":0},"end":{"line":24,"column":null}},"13":{"start":{"line":6,"column":13},"end":{"line":6,"column":25}},"14":{"start":{"line":26,"column":0},"end":{"line":26,"column":null}}},"fnMap":{"0":{"name":"(anonymous_14)","decl":{"start":{"line":6,"column":0},"end":{"line":6,"column":13}},"loc":{"start":{"line":6,"column":0},"end":{"line":24,"column":null}}},"1":{"name":"(anonymous_16)","decl":{"start":{"line":7,"column":4},"end":{"line":7,"column":10}},"loc":{"start":{"line":7,"column":67},"end":{"line":23,"column":null}}}},"branchMap":{"0":{"loc":{"start":{"line":14,"column":12},"end":{"line":16,"column":null}},"type":"if","locations":[{"start":{"line":14,"column":12},"end":{"line":16,"column":null}}]}},"s":{"0":1,"1":1,"2":1,"3":1,"4":2,"5":2,"6":2,"7":2,"8":0,"9":0,"10":0,"11":2,"12":1,"13":1,"14":1},"f":{"0":2,"1":2},"b":{"0":[0]}}
}
