TN:
SF:src\app.ts
FNF:0
FNH:0
DA:1,1
DA:2,1
DA:4,1
DA:6,1
DA:8,1
LF:5
LH:5
BRF:0
BRH:0
end_of_record
TN:
SF:src\controllers\ImageCtrl.ts
FN:10,(anonymous_14)
FN:11,(anonymous_16)
FNF:2
FNH:2
FNDA:2,(anonymous_14)
FNDA:5,(anonymous_16)
DA:6,1
DA:7,1
DA:8,1
DA:10,1
DA:11,1
DA:12,5
DA:13,5
DA:14,5
DA:16,5
DA:18,8
DA:19,2
DA:23,4
DA:25,2
DA:27,2
DA:29,2
DA:30,2
DA:34,3
DA:37,1
DA:39,1
LF:19
LH:19
BRDA:18,0,0,3
BRDA:18,1,0,5
BRDA:18,1,1,5
BRDA:18,1,2,5
BRDA:23,2,0,1
BRDA:29,3,0,2
BRF:6
BRH:6
end_of_record
TN:
SF:src\routes\apiRouter.ts
FNF:0
FNH:0
DA:1,1
DA:2,1
DA:4,1
DA:6,1
DA:8,1
LF:5
LH:5
BRF:0
BRH:0
end_of_record
TN:
SF:src\services\ImageService.ts
FN:6,(anonymous_14)
FN:7,(anonymous_16)
FNF:2
FNH:2
FNDA:2,(anonymous_14)
FNDA:3,(anonymous_16)
DA:4,1
DA:5,1
DA:6,1
DA:7,1
DA:9,3
DA:10,3
DA:12,3
DA:14,1
DA:15,0
DA:18,1
DA:21,2
DA:24,1
DA:26,1
LF:13
LH:12
BRDA:14,0,0,0
BRF:1
BRH:0
end_of_record
