TN:
SF:src\app.ts
FNF:0
FNH:0
DA:1,1
DA:2,1
DA:4,1
DA:6,1
DA:8,1
LF:5
LH:5
BRF:0
BRH:0
end_of_record
TN:
SF:src\controllers\ImageCtrl.ts
FN:9,(anonymous_14)
FN:10,(anonymous_16)
FNF:2
FNH:2
FNDA:2,(anonymous_14)
FNDA:5,(anonymous_16)
DA:5,1
DA:6,1
DA:7,1
DA:9,1
DA:10,1
DA:11,5
DA:12,5
DA:13,5
DA:15,5
DA:17,8
DA:18,2
DA:22,4
DA:24,2
DA:26,2
DA:28,2
DA:29,2
DA:33,3
DA:36,1
DA:38,1
LF:19
LH:19
BRDA:17,0,0,3
BRDA:17,1,0,5
BRDA:17,1,1,5
BRDA:17,1,2,5
BRDA:22,2,0,1
BRDA:28,3,0,2
BRF:6
BRH:6
end_of_record
TN:
SF:src\routes\apiRouter.ts
FNF:0
FNH:0
DA:1,1
DA:2,1
DA:4,1
DA:6,1
DA:8,1
LF:5
LH:5
BRF:0
BRH:0
end_of_record
TN:
SF:src\services\imageService.ts
FN:6,(anonymous_14)
FN:7,(anonymous_16)
FNF:2
FNH:2
FNDA:2,(anonymous_14)
FNDA:2,(anonymous_16)
DA:4,1
DA:5,1
DA:6,1
DA:7,1
DA:9,2
DA:10,2
DA:12,2
DA:14,0
DA:15,0
DA:18,0
DA:21,2
DA:24,1
DA:26,1
LF:13
LH:10
BRDA:14,0,0,0
BRF:1
BRH:0
end_of_record
